<?xml version="1.0" encoding="UTF-8"?>
<testsuite name="Forum Test Suite" tests="1" skipped="0" failures="0" errors="0" timestamp="2022-03-09T07:26:24" hostname="MBP-Lukasz" time="0.011">
  <properties/>
  <testcase name="When created SimpleUser with name, then getUsername should return correct name" classname="com.kodilla.testing.forum.ForumTestSuite" time="0.011"/>
  <system-out><![CDATA[]]></system-out>
  <system-err><![CDATA[]]></system-err>
</testsuite>
